# JRE version: OpenJDK Runtime Environment Temurin-11.0.12+7 (11.0.12+7) (build 11.0.12+7)
# Java VM: OpenJDK 64-Bit Server VM Temurin-11.0.12+7 (11.0.12+7, mixed mode, tiered, compressed oops, g1 gc, windows-amd64)
Heap:
 garbage-first heap   total 198656K, used 94720K [0x0000000081600000, 0x0000000100000000)
  region size 1024K, 4 young (4096K), 4 survivors (4096K)
 Metaspace       used 12305K, capacity 12656K, committed 12800K, reserved 1060864K
  class space    used 1283K, capacity 1453K, committed 1536K, reserved 1048576K
GC Heap History (17 events):
Event: 2.821 GC heap before
{Heap before GC invocations=0 (full 0):
 garbage-first heap   total 131072K, used 14336K [0x0000000081600000, 0x0000000100000000)
  region size 1024K, 14 young (14336K), 0 survivors (0K)
 Metaspace       used 12235K, capacity 12591K, committed 12800K, reserved 1060864K
  class space    used 1281K, capacity 1453K, committed 1536K, reserved 1048576K
}
Event: 2.852 GC heap after
{Heap after GC invocations=1 (full 0):
 garbage-first heap   total 131072K, used 5427K [0x0000000081600000, 0x0000000100000000)
  region size 1024K, 2 young (2048K), 2 survivors (2048K)
 Metaspace       used 12235K, capacity 12591K, committed 12800K, reserved 1060864K
  class space    used 1281K, capacity 1453K, committed 1536K, reserved 1048576K
}
Event: 3.086 GC heap before
{Heap before GC invocations=1 (full 0):
 garbage-first heap   total 131072K, used 9523K [0x0000000081600000, 0x0000000100000000)
  region size 1024K, 6 young (6144K), 2 survivors (2048K)
 Metaspace       used 12266K, capacity 12591K, committed 12800K, reserved 1060864K
  class space    used 1283K, capacity 1453K, committed 1536K, reserved 1048576K
}
Event: 3.101 GC heap after
{Heap after GC invocations=2 (full 0):
 garbage-first heap   total 131072K, used 7775K [0x0000000081600000, 0x0000000100000000)
  region size 1024K, 1 young (1024K), 1 survivors (1024K)
 Metaspace       used 12266K, capacity 12591K, committed 12800K, reserved 1060864K
  class space    used 1283K, capacity 1453K, committed 1536K, reserved 1048576K
}
Event: 3.693 GC heap before
{Heap before GC invocations=2 (full 0):
 garbage-first heap   total 131072K, used 14943K [0x0000000081600000, 0x0000000100000000)
  region size 1024K, 8 young (8192K), 1 survivors (1024K)
 Metaspace       used 12274K, capacity 12591K, committed 12800K, reserved 1060864K
  class space    used 1283K, capacity 1453K, committed 1536K, reserved 1048576K
}
Event: 3.705 GC heap after
{Heap after GC invocations=3 (full 0):
 garbage-first heap   total 131072K, used 11847K [0x0000000081600000, 0x0000000100000000)
  region size 1024K, 1 young (1024K), 1 survivors (1024K)
 Metaspace       used 12274K, capacity 12591K, committed 12800K, reserved 1060864K
  class space    used 1283K, capacity 1453K, committed 1536K, reserved 1048576K
}
Event: 4.504 GC heap before
{Heap before GC invocations=3 (full 0):
 garbage-first heap   total 131072K, used 27207K [0x0000000081600000, 0x0000000100000000)
  region size 1024K, 16 young (16384K), 1 survivors (1024K)
 Metaspace       used 12286K, capacity 12656K, committed 12800K, reserved 1060864K
  class space    used 1283K, capacity 1453K, committed 1536K, reserved 1048576K
}
Event: 4.526 GC heap after
{Heap after GC invocations=4 (full 0):
 garbage-first heap   total 131072K, used 20147K [0x0000000081600000, 0x0000000100000000)
  region size 1024K, 2 young (2048K), 2 survivors (2048K)
 Metaspace       used 12286K, capacity 12656K, committed 12800K, reserved 1060864K
  class space    used 1283K, capacity 1453K, committed 1536K, reserved 1048576K
}
Event: 6.220 GC heap before
{Heap before GC invocations=4 (full 0):
 garbage-first heap   total 131072K, used 42675K [0x0000000081600000, 0x0000000100000000)
  region size 1024K, 24 young (24576K), 2 survivors (2048K)
 Metaspace       used 12299K, capacity 12656K, committed 12800K, reserved 1060864K
  class space    used 1283K, capacity 1453K, committed 1536K, reserved 1048576K
}
Event: 6.257 GC heap after
{Heap after GC invocations=5 (full 0):
 garbage-first heap   total 157696K, used 32143K [0x0000000081600000, 0x0000000100000000)
  region size 1024K, 3 young (3072K), 3 survivors (3072K)
 Metaspace       used 12299K, capacity 12656K, committed 12800K, reserved 1060864K
  class space    used 1283K, capacity 1453K, committed 1536K, reserved 1048576K
}
Event: 9.094 GC heap before
{Heap before GC invocations=5 (full 0):
 garbage-first heap   total 157696K, used 60815K [0x0000000081600000, 0x0000000100000000)
  region size 1024K, 31 young (31744K), 3 survivors (3072K)
 Metaspace       used 12305K, capacity 12656K, committed 12800K, reserved 1060864K
  class space    used 1283K, capacity 1453K, committed 1536K, reserved 1048576K
}
Event: 9.137 GC heap after
{Heap after GC invocations=6 (full 0):
 garbage-first heap   total 157696K, used 47616K [0x0000000081600000, 0x0000000100000000)
  region size 1024K, 4 young (4096K), 4 survivors (4096K)
 Metaspace       used 12305K, capacity 12656K, committed 12800K, reserved 1060864K
  class space    used 1283K, capacity 1453K, committed 1536K, reserved 1048576K
}
Event: 12.844 GC heap before
{Heap before GC invocations=6 (full 0):
 garbage-first heap   total 157696K, used 80384K [0x0000000081600000, 0x0000000100000000)
  region size 1024K, 36 young (36864K), 4 survivors (4096K)
 Metaspace       used 12305K, capacity 12656K, committed 12800K, reserved 1060864K
  class space    used 1283K, capacity 1453K, committed 1536K, reserved 1048576K
}
Event: 12.894 GC heap after
{Heap after GC invocations=7 (full 0):
 garbage-first heap   total 157696K, used 65024K [0x0000000081600000, 0x0000000100000000)
  region size 1024K, 5 young (5120K), 5 survivors (5120K)
 Metaspace       used 12305K, capacity 12656K, committed 12800K, reserved 1060864K
  class space    used 1283K, capacity 1453K, committed 1536K, reserved 1048576K
}
Event: 17.287 GC heap before
{Heap before GC invocations=7 (full 0):
 garbage-first heap   total 157696K, used 93696K [0x0000000081600000, 0x0000000100000000)
  region size 1024K, 33 young (33792K), 5 survivors (5120K)
 Metaspace       used 12305K, capacity 12656K, committed 12800K, reserved 1060864K
  class space    used 1283K, capacity 1453K, committed 1536K, reserved 1048576K
}
Event: 17.337 GC heap after
{Heap after GC invocations=8 (full 0):
 garbage-first heap   total 157696K, used 80896K [0x0000000081600000, 0x0000000100000000)
  region size 1024K, 5 young (5120K), 5 survivors (5120K)
 Metaspace       used 12305K, capacity 12656K, committed 12800K, reserved 1060864K
  class space    used 1283K, capacity 1453K, committed 1536K, reserved 1048576K
}
Event: 21.585 GC heap before
{Heap before GC invocations=8 (full 0):
 garbage-first heap   total 157696K, used 105472K [0x0000000081600000, 0x0000000100000000)
  region size 1024K, 29 young (29696K), 5 survivors (5120K)
 Metaspace       used 12305K, capacity 12656K, committed 12800K, reserved 1060864K
  class space    used 1283K, capacity 1453K, committed 1536K, reserved 1048576K
}

